<?xml version="1.0" encoding="UTF-8"?>
<con:testCase id="515f6835-6c25-4d9a-95e1-4665dd1c8f45" discardOkResults="false" failOnError="false" failTestCaseOnErrors="true" keepSession="false" name="Test Case" searchProperties="true" timeout="0" xmlns:con="http://eviware.com/soapui/config">
  <con:settings>
    <con:setting id="515f6835-6c25-4d9a-95e1-4665dd1c8f45fileName">Test-Case</con:setting>
  </con:settings>
  <con:testStep type="groovy" name="Groovy Script" id="99c6cb64-470d-4ded-afd1-2add0475c032">
    <con:settings/>
    <con:config>
      <script>def testExecutionId = context.expand( '${#Global#testExecutionId}' )
def jiraCookie = context.expand( '${#Global#jiraCookie}' )

def testExecutionId2 = context.expand( '${#Project#testExecutionId}' )
def jiraCookie2 = context.expand( '${#Project#jiraCookie}' )


log.info("Global Level Test Execution Id Property: " + testExecutionId)
log.info("Global Level Jira Cookie Property: " + jiraCookie)

log.info("Project Level Test Execution Id Property: " + testExecutionId2)
log.info("Project Level Jira Cookie Property :" + jiraCookie2)</script>
    </con:config>
  </con:testStep>
  <con:properties/>
  <con:reportParameters/>
</con:testCase>
